1554803762799	geckodriver	INFO	geckodriver 0.18.0
1554803762829	geckodriver	INFO	Listening on 127.0.0.1:31096
1554803766040	geckodriver::marionette	INFO	Starting browser C:\Program Files (x86)\Mozilla Firefox 53\firefox.exe with args ["-marionette"]
1554803772123	Marionette	INFO	Listening on port 31106
1554803772332	Marionette	WARN	TLS certificate errors will be ignored for this session
[Child 56512] WARNING: pipe error: 109: file c:/builds/moz2_slave/m-rel-w32-00000000000000000000/build/src/ipc/chromium/src/chrome/common/ipc_channel_win.cc, line 346
[Chi
###!!! [Child][MessageChannel::SendAndWait] Error: Channel error: cannot send/recv

1554803815605	geckodriver	INFO	geckodriver 0.18.0
1554803815639	geckodriver	INFO	Listening on 127.0.0.1:31178
1554803818667	geckodriver::marionette	INFO	Starting browser C:\Program Files (x86)\Mozilla Firefox 53\firefox.exe with args ["-marionette"]
1554803824436	Marionette	INFO	Listening on port 31186
1554803824523	Marionette	WARN	TLS certificate errors will be ignored for this session
[GPU 62324] WARNING: pipe error: 109: file c:/builds/moz2_slave/m-rel-w32-00000000000000000000/build/src/ipc/c1554803851418	geckodriver::marionette	INFO	Starting browser C:\Program Files (x86)\Mozilla Firefox 53\firefox.exe with args ["-marionette"]
1554803857094	Marionette	INFO	Listening on port 31218
1554803857211	Marionette	WARN	TLS certificate errors will be ignored for this session
[GPU 62432] WARNING: pipe error: 109: file c:/builds/moz2_slave/m-rel-w32-00000000000000000000/build/src/ipc/chromium/src/chrome/common/ipc_channel_win.cc, line 346
[Child 61616] WARNING: pipe error: 109: file c:/builds/moz2_slave/m-rel-w32-00000000000000000000/build/src/ipc/chromium/src/chrome/common/ipc_channel_win.cc, line 346
[Child 6161
###!!! [Child][MessageChannel::SendAndWait] Error: Channel error: cannot send/recv

te	INFO	Starting browser C:\Program Files (x86)\Mozilla Firefox 53\firefox.exe with args ["-marionette"]
1554804034024	Marionette	INFO	Listening on port 31288
1554804034310	Marionette	WARN	TLS certificate errors will be ignored for this session
[Child 62232] WARNING: pipe error: 109: file c:/builds/moz2_slave/m-rel-w32-00000000000000000000/build/src/ipc/chromium/src/chrome/common/ipc_channel_win.cc, line 346
[Child 62232
###!!! [Child][MessageChannel::SendAndWait] Error: Channel error: cannot send/recv

1554804089575	geckodriver	INFO	geckodriver 0.18.0
1554804089591	geckodriver	INFO	Listening on 127.0.0.1:31330
1554804092776	geckodriver::marionette	INFO	Starting browser C:\Program Files (x86)\Mozilla Firefox 53\firefox.exe with args ["-marionette"]
1554804099001	Marionette	INFO	Listening on port 31338
[GPU 62264] WARNING: pipe error: 109: file c:/builds/moz2_slave/m-rel-w32-00000000000000000000/build/src/ipc/chromium/src/chrome/common/ipc_channel_win.cc, line 346
1554804099115	Marionette	WARN	TLS certificate errors will be ignored for this session
IPDL protocol error: Handler returned error code!

###!!! [Parent][DispatchAsyncMessage] Error: PLayerTransaction::Msg_ReleaseLayer Processing error: message was deserialized, but the handler returned false (indicating failure)

[GPU 62264] WARNING: pipe error: 109: file c:/builds/moz2_slave/m-rel-w32-00000000000000000000/build/src/ipc/chromium/src/chrome/common/ipc_channel_win.cc, line 346
IPDL protocol error: Handler returned error code!

###!!! [Parent][DispatchAsyncMessage] Error: PLayerTransaction::Msg_ReleaseLayer Processing error: message was deserialized, but the handler returned false (indicating failure)

[Child 11012] WARNING: pipe error: 109: file c:/builds/moz2_slave/m-rel-w32-00000000000000000000/build/src/ipc/chromium/src/chrome/common/ipc_channel_win.cc, line 346

###!!! [Child][MessageChannel::SendAndWait] Error: Channel error: cannot send/recv

1554804226596	geckodriver	INFO	geckodriver 0.18.0
1554804226616	geckodriver	INFO	Listening on 127.0.0.1:31410
1554804229776	geckodriver::marionette	INFO	Starting browser C:\Program Files (x86)\Mozilla Firefox 53\firefox.exe with args ["-marionette"]
1554804235405	Marionette	INFO	Listening on port 31418
1554804235561	Marionette	WARN	TLS certificate errors will be ignored for this session
[GPU 60364] WARNING: pipe error: 109: file c:/builds/moz2_slave/m-rel-w32-00000000000000000000/build/src/ipc/chromium/src/chrome/common/ipc_channel_win.cc, line 346
[Child 62340] WARNING: pipe error: 109: file c:/builds/moz2_slave/m-rel-w32-00000000000000000000/build/src/ipc/chromium/src/chrome/common/ipc_channel_win.cc, line 346
[Child 
###!!! [Child][MessageChannel::SendAndWait] Error: Channel error: cannot send/recv

