1554880651408	geckodriver	INFO	geckodriver 0.18.0
1554880651434	geckodriver	INFO	Listening on 127.0.0.1:41595
1554880654563	geckodriver::marionette	INFO	Starting browser C:\Program Files (x86)\Mozilla Firefox 53\firefox.exe with args ["-marionette"]
1554880661119	Marionette	INFO	Listening on port 41611
1554880662226	Marionette	WARN	TLS certificate errors will be ignored for this session
*************************
A coding exception was thrown and uncaught in a Task.

Full message: TypeError: NetworkError when attempting to fetch resource.
Full stack: 
*************************
[GPU 76760] WARNING: pipe error: 109: file c:/builds/moz2_slave/m-rel-w32-00000000000000000000/build/src/ipc/chromium/src/chrome/common/ipc_channel_win.cc, line 346

###!!! [Child][MessageChannel::SendAndWait] Error: Channel error: cannot send/recv

881928442	Marionette	INFO	Listening on port 41873
1554881928887	Marionette	WARN	TLS certificate errors will be ignored for this session
*************************
A coding exception was thrown and uncaught in a Task.

Full message: TypeError: NetworkError when attempting to fetch resource.
Full stack: 
*************************
[GPU 78640] WARNING: pipe error: 109: file c:/builds/moz2_slave/m-rel-w32-00000000000000000000/build/src/ipc/chromium/src/chrome/common/ipc_channel_win.cc, line 346

###!!! [Child][MessageChannel] Error: (msgtype=0x4400A8,name=PContent::Msg_ConsoleMessage) Channel closing: too late to send/recv, messages will be lost


###!!! [Child][MessageChannel::SendAndWait] Error: Channel error: cannot send/recv

1554886318948	geckodriver	INFO	geckodriver 0.18.0
1554886318969	geckodriver	INFO	Listening on 127.0.0.1:43260
1554886322158	geckodriver::marionette	INFO	Starting browser C:\Program Files (x86)\Mozilla Firefox 53\firefox.exe with args ["-marionette"]

###!!! [Parent][MessageChannel] Error: (msgtype=0x44001B,name=PContent::Msg_PreferenceUpdate) Channel error: cannot send/recv


###!!! [Parent][MessageChannel] Error: (msgtype=0x44001B,name=PContent::Msg_PreferenceUpdate) Channel error: cannot send/recv


###!!! [Parent][MessageChannel] Error: (msgtype=0x44001B,name=PContent::Msg_PreferenceUpdate) Channel error: cannot send/recv


###!!! [Parent][MessageChannel] Error: (msgtype=0x44001B,name=PContent::Msg_PreferenceUpdate) Channel error: cannot send/recv


###!!! [Parent][MessageChannel] Error: (msgtype=0x44001B,name=PContent::Msg_PreferenceUpdate) Channel error: cannot send/recv


###!!! [Parent][MessageChannel] Error: (msgtype=0x44001B,name=PContent::Msg_PreferenceUpdate) Channel error: cannot send/recv


###!!! [Parent][MessageChannel] Error: (msgtype=0x44001B,name=PContent::Msg_PreferenceUpdate) Channel error: cannot send/recv


###!!! [Parent][MessageChannel] Error: (msgtype=0x44001B,name=PContent::Msg_PreferenceUpdate) Channel error: cannot send/recv


###!!! [Parent][MessageChannel] Error: (msgtype=0x44001B,name=PContent::Msg_PreferenceUpdate) Channel error: cannot send/recv


###!!! [Parent][MessageChannel] Error: (msgtype=0x44001B,name=PContent::Msg_PreferenceUpdate) Channel error: cannot send/recv


###!!! [Parent][MessageChannel] Error: (msgtype=0x44001B,name=PContent::Msg_PreferenceUpdate) Channel error: cannot send/recv


###!!! [Parent][MessageChannel] Error: (msgtype=0x44001B,name=PContent::Msg_PreferenceUpdate) Channel error: cannot send/recv


###!!! [Parent][MessageChannel] Error: (msgtype=0x44001B,name=PContent::Msg_PreferenceUpdate) Channel error: cannot send/recv


###!!! [Parent][MessageChannel] Error: (msgtype=0x44001B,name=PContent::Msg_PreferenceUpdate) Channel error: cannot send/recv


###!!! [Parent][MessageChannel] Error: (msgtype=0x44001B,name=PContent::Msg_PreferenceUpdate) Channel error: cannot send/recv


###!!! [Parent][MessageChannel] Error: (msgtype=0x44001B,name=PContent::Msg_PreferenceUpdate) Channel error: cannot send/recv


###!!! [Parent][MessageChannel] Error: (msgtype=0x44001B,name=PContent::Msg_PreferenceUpdate) Channel error: cannot send/recv


###!!! [Parent][MessageChannel] Error: (msgtype=0x44001B,name=PContent::Msg_PreferenceUpdate) Channel error: cannot send/recv


###!!! [Parent][MessageChannel] Error: (msgtype=0x44001B,name=PContent::Msg_PreferenceUpdate) Channel error: cannot send/recv


###!!! [Parent][MessageChannel] Error: (msgtype=0x44001B,name=PContent::Msg_PreferenceUpdate) Channel error: cannot send/recv


###!!! [Parent][MessageChannel] Error: (msgtype=0x44001B,name=PContent::Msg_PreferenceUpdate) Channel error: cannot send/recv


###!!! [Parent][MessageChannel] Error: (msgtype=0x44003E,name=PContent::Msg_LoadProcessScript) Channel error: cannot send/recv


###!!! [Parent][MessageChannel] Error: (msgtype=0x44001B,name=PContent::Msg_PreferenceUpdate) Channel error: cannot send/recv


###!!! [Parent][MessageChannel] Error: (msgtype=0x44001B,name=PContent::Msg_PreferenceUpdate) Channel error: cannot send/recv


###!!! [Parent][MessageChannel] Error: (msgtype=0x44001B,name=PContent::Msg_PreferenceUpdate) Channel error: cannot send/recv


###!!! [Parent][MessageChannel] Error: (msgtype=0x44001B,name=PContent::Msg_PreferenceUpdate) Channel error: cannot send/recv


###!!! [Parent][MessageChannel] Error: (msgtype=0x44001B,name=PContent::Msg_PreferenceUpdate) Channel error: cannot send/recv


###!!! [Parent][MessageChannel] Error: (msgtype=0x44003E,name=PContent::Msg_LoadProcessScript) Channel error: cannot send/recv


###!!! [Parent][MessageChannel] Error: (msgtype=0x44003E,name=PContent::Msg_LoadProcessScript) Channel error: cannot send/recv


###!!! [Parent][MessageChannel] Error: (msgtype=0x4400FA,name=PContent::Msg_AsyncMessage) Channel error: cannot send/recv


###!!! [Parent][MessageChannel] Error: (msgtype=0x4400FA,name=PContent::Msg_AsyncMessage) Channel error: cannot send/recv


###!!! [Parent][MessageChannel] Error: (msgtype=0x2C0092,name=PBrowser::Msg_UpdateNativeWindowHandle) Channel error: cannot send/recv


###!!! [Parent][MessageChannel] Error: (msgtype=0x2C0085,name=PBrowser::Msg_Destroy) Channel error: cannot send/recv

JavaScript error: resource://app/modules/ContentCrashHandlers.jsm, line 137: TypeError: browser.permanentKey is not a non-null object

###!!! [Parent][MessageChannel] Error: (msgtype=0x2C0092,name=PBrowser::Msg_UpdateNativeWindowHandle) Channel error: cannot send/recv


###!!! [Parent][MessageChannel] Error: (msgtype=0x2C0085,name=PBrowser::Msg_Destroy) Channel error: cannot send/recv

1554886944375	geckodriver	INFO	geckodriver 0.18.0
1554886944395	geckodriver	INFO	Listening on 127.0.0.1:43863
1554886947538	geckodriver::marionette	INFO	Starting browser C:\Program Files (x86)\Mozilla Firefox 53\firefox.exe with args ["-marionette"]

###!!! [Parent][MessageChannel] Error: (msgtype=0x44001B,name=PContent::Msg_PreferenceUpdate) Channel error: cannot send/recv


###!!! [Parent][MessageChannel] Error: (msgtype=0x44001B,name=PContent::Msg_PreferenceUpdate) Channel error: cannot send/recv


###!!! [Parent][MessageChannel] Error: (msgtype=0x44001B,name=PContent::Msg_PreferenceUpdate) Channel error: cannot send/recv


###!!! [Parent][MessageChannel] Error: (msgtype=0x44001B,name=PContent::Msg_PreferenceUpdate) Channel error: cannot send/recv


###!!! [Parent][MessageChannel] Error: (msgtype=0x44001B,name=PContent::Msg_PreferenceUpdate) Channel error: cannot send/recv


###!!! [Parent][MessageChannel] Error: (msgtype=0x44001B,name=PContent::Msg_PreferenceUpdate) Channel error: cannot send/recv


###!!! [Parent][MessageChannel] Error: (msgtype=0x44001B,name=PContent::Msg_PreferenceUpdate) Channel error: cannot send/recv


###!!! [Parent][MessageChannel] Error: (msgtype=0x44001B,name=PContent::Msg_PreferenceUpdate) Channel error: cannot send/recv


###!!! [Parent][MessageChannel] Error: (msgtype=0x44001B,name=PContent::Msg_PreferenceUpdate) Channel error: cannot send/recv


###!!! [Parent][MessageChannel] Error: (msgtype=0x44001B,name=PContent::Msg_PreferenceUpdate) Channel error: cannot send/recv


###!!! [Parent][MessageChannel] Error: (msgtype=0x44001B,name=PContent::Msg_PreferenceUpdate) Channel error: cannot send/recv


###!!! [Parent][MessageChannel] Error: (msgtype=0x44001B,name=PContent::Msg_PreferenceUpdate) Channel error: cannot send/recv


###!!! [Parent][MessageChannel] Error: (msgtype=0x44001B,name=PContent::Msg_PreferenceUpdate) Channel error: cannot send/recv


###!!! [Parent][MessageChannel] Error: (msgtype=0x44001B,name=PContent::Msg_PreferenceUpdate) Channel error: cannot send/recv


###!!! [Parent][MessageChannel] Error: (msgtype=0x44001B,name=PContent::Msg_PreferenceUpdate) Channel error: cannot send/recv


###!!! [Parent][MessageChannel] Error: (msgtype=0x44001B,name=PContent::Msg_PreferenceUpdate) Channel error: cannot send/recv


###!!! [Parent][MessageChannel] Error: (msgtype=0x44001B,name=PContent::Msg_PreferenceUpdate) Channel error: cannot send/recv


###!!! [Parent][MessageChannel] Error: (msgtype=0x44001B,name=PContent::Msg_PreferenceUpdate) Channel error: cannot send/recv


###!!! [Parent][MessageChannel] Error: (msgtype=0x44001B,name=PContent::Msg_PreferenceUpdate) Channel error: cannot send/recv


###!!! [Parent][MessageChannel] Error: (msgtype=0x44001B,name=PContent::Msg_PreferenceUpdate) Channel error: cannot send/recv


###!!! [Parent][MessageChannel] Error: (msgtype=0x44001B,name=PContent::Msg_PreferenceUpdate) Channel error: cannot send/recv


###!!! [Parent][MessageChannel] Error: (msgtype=0x44001B,name=PContent::Msg_PreferenceUpdate) Channel error: cannot send/recv


###!!! [Parent][MessageChannel] Error: (msgtype=0x44003E,name=PContent::Msg_LoadProcessScript) Channel error: cannot send/recv


###!!! [Parent][MessageChannel] Error: (msgtype=0x44001B,name=PContent::Msg_PreferenceUpdate) Channel error: cannot send/recv


###!!! [Parent][MessageChannel] Error: (msgtype=0x44001B,name=PContent::Msg_PreferenceUpdate) Channel error: cannot send/recv


###!!! [Parent][MessageChannel] Error: (msgtype=0x44001B,name=PContent::Msg_PreferenceUpdate) Channel error: cannot send/recv


###!!! [Parent][MessageChannel] Error: (msgtype=0x44001B,name=PContent::Msg_PreferenceUpdate) Channel error: cannot send/recv


###!!! [Parent][MessageChannel] Error: (msgtype=0x44001B,name=PContent::Msg_PreferenceUpdate) Channel error: cannot send/recv


###!!! [Parent][MessageChannel] Error: (msgtype=0x44003E,name=PContent::Msg_LoadProcessScript) Channel error: cannot send/recv


###!!! [Parent][MessageChannel] Error: (msgtype=0x44003E,name=PContent::Msg_LoadProcessScript) Channel error: cannot send/recv


###!!! [Parent][MessageChannel] Error: (msgtype=0x4400FA,name=PContent::Msg_AsyncMessage) Channel error: cannot send/recv


###!!! [Parent][MessageChannel] Error: (msgtype=0x4400FA,name=PContent::Msg_AsyncMessage) Channel error: cannot send/recv


###!!! [Parent][MessageChannel] Error: (msgtype=0x2C0092,name=PBrowser::Msg_UpdateNativeWindowHandle) Channel error: cannot send/recv


###!!! [Parent][MessageChannel] Error: (msgtype=0x2C0085,name=PBrowser::Msg_Destroy) Channel error: cannot send/recv


###!!! [Parent][MessageChannel] Error: (msgtype=0x2C0092,name=PBrowser::Msg_UpdateNativeWindowHandle) Channel error: cannot send/recv


###!!! [Parent][MessageChannel] Error: (msgtype=0x2C0085,name=PBrowser::Msg_Destroy) Channel error: cannot send/recv

JavaScript error: resource://app/modules/ContentCrashHandlers.jsm, line 137: TypeError: browser.permanentKey is not a non-null object
1554887066241	geckodriver	INFO	geckodriver 0.18.0
1554887066260	geckodriver	INFO	Listening on 127.0.0.1:44111
1554887069339	geckodriver::marionette	INFO	Starting browser C:\Program Files (x86)\Mozilla Firefox 53\firefox.exe with args ["-marionette"]

###!!! [Parent][MessageChannel] Error: (msgtype=0x44001B,name=PContent::Msg_PreferenceUpdate) Channel error: cannot send/recv


###!!! [Parent][MessageChannel] Error: (msgtype=0x44001B,name=PContent::Msg_PreferenceUpdate) Channel error: cannot send/recv


###!!! [Parent][MessageChannel] Error: (msgtype=0x44001B,name=PContent::Msg_PreferenceUpdate) Channel error: cannot send/recv


###!!! [Parent][MessageChannel] Error: (msgtype=0x44001B,name=PContent::Msg_PreferenceUpdate) Channel error: cannot send/recv


###!!! [Parent][MessageChannel] Error: (msgtype=0x44001B,name=PContent::Msg_PreferenceUpdate) Channel error: cannot send/recv


###!!! [Parent][MessageChannel] Error: (msgtype=0x44001B,name=PContent::Msg_PreferenceUpdate) Channel error: cannot send/recv


###!!! [Parent][MessageChannel] Error: (msgtype=0x44001B,name=PContent::Msg_PreferenceUpdate) Channel error: cannot send/recv


###!!! [Parent][MessageChannel] Error: (msgtype=0x44001B,name=PContent::Msg_PreferenceUpdate) Channel error: cannot send/recv


###!!! [Parent][MessageChannel] Error: (msgtype=0x44001B,name=PContent::Msg_PreferenceUpdate) Channel error: cannot send/recv


###!!! [Parent][MessageChannel] Error: (msgtype=0x44001B,name=PContent::Msg_PreferenceUpdate) Channel error: cannot send/recv


###!!! [Parent][MessageChannel] Error: (msgtype=0x44001B,name=PContent::Msg_PreferenceUpdate) Channel error: cannot send/recv


###!!! [Parent][MessageChannel] Error: (msgtype=0x44001B,name=PContent::Msg_PreferenceUpdate) Channel error: cannot send/recv


###!!! [Parent][MessageChannel] Error: (msgtype=0x44001B,name=PContent::Msg_PreferenceUpdate) Channel error: cannot send/recv


###!!! [Parent][MessageChannel] Error: (msgtype=0x44001B,name=PContent::Msg_PreferenceUpdate) Channel error: cannot send/recv


###!!! [Parent][MessageChannel] Error: (msgtype=0x44001B,name=PContent::Msg_PreferenceUpdate) Channel error: cannot send/recv


###!!! [Parent][MessageChannel] Error: (msgtype=0x44001B,name=PContent::Msg_PreferenceUpdate) Channel error: cannot send/recv


###!!! [Parent][MessageChannel] Error: (msgtype=0x44001B,name=PContent::Msg_PreferenceUpdate) Channel error: cannot send/recv


###!!! [Parent][MessageChannel] Error: (msgtype=0x44001B,name=PContent::Msg_PreferenceUpdate) Channel error: cannot send/recv


###!!! [Parent][MessageChannel] Error: (msgtype=0x44001B,name=PContent::Msg_PreferenceUpdate) Channel error: cannot send/recv


###!!! [Parent][MessageChannel] Error: (msgtype=0x44001B,name=PContent::Msg_PreferenceUpdate) Channel error: cannot send/recv


###!!! [Parent][MessageChannel] Error: (msgtype=0x44001B,name=PContent::Msg_PreferenceUpdate) Channel error: cannot send/recv


###!!! [Parent][MessageChannel] Error: (msgtype=0x44003E,name=PContent::Msg_LoadProcessScript) Channel error: cannot send/recv


###!!! [Parent][MessageChannel] Error: (msgtype=0x44001B,name=PContent::Msg_PreferenceUpdate) Channel error: cannot send/recv


###!!! [Parent][MessageChannel] Error: (msgtype=0x44001B,name=PContent::Msg_PreferenceUpdate) Channel error: cannot send/recv


###!!! [Parent][MessageChannel] Error: (msgtype=0x44001B,name=PContent::Msg_PreferenceUpdate) Channel error: cannot send/recv


###!!! [Parent][MessageChannel] Error: (msgtype=0x44001B,name=PContent::Msg_PreferenceUpdate) Channel error: cannot send/recv


###!!! [Parent][MessageChannel] Error: (msgtype=0x44001B,name=PContent::Msg_PreferenceUpdate) Channel error: cannot send/recv


###!!! [Parent][MessageChannel] Error: (msgtype=0x44003E,name=PContent::Msg_LoadProcessScript) Channel error: cannot send/recv


###!!! [Parent][MessageChannel] Error: (msgtype=0x44003E,name=PContent::Msg_LoadProcessScript) Channel error: cannot send/recv


###!!! [Parent][MessageChannel] Error: (msgtype=0x4400FA,name=PContent::Msg_AsyncMessage) Channel error: cannot send/recv


###!!! [Parent][MessageChannel] Error: (msgtype=0x4400FA,name=PContent::Msg_AsyncMessage) Channel error: cannot send/recv


###!!! [Parent][MessageChannel] Error: (msgtype=0x2C0092,name=PBrowser::Msg_UpdateNativeWindowHandle) Channel error: cannot send/recv


###!!! [Parent][MessageChannel] Error: (msgtype=0x2C0085,name=PBrowser::Msg_Destroy) Channel error: cannot send/recv

JavaScript error: resource://app/modules/ContentCrashHandlers.jsm, line 137: TypeError: browser.permanentKey is not a non-null object

###!!! [Parent][MessageChannel] Error: (msgtype=0x2C0092,name=PBrowser::Msg_UpdateNativeWindowHandle) Channel error: cannot send/recv


###!!! [Parent][MessageChannel] Error: (msgtype=0x2C0085,name=PBrowser::Msg_Destroy) Channel error: cannot send/recv

1554887357921	geckodriver	INFO	geckodriver 0.18.0
1554887357937	geckodriver	INFO	Listening on 127.0.0.1:44514
1554887361048	geckodriver::marionette	INFO	Starting browser C:\Program Files (x86)\Mozilla Firefox 53\firefox.exe with args ["-marionette"]

###!!! [Parent][MessageChannel] Error: (msgtype=0x44001B,name=PContent::Msg_PreferenceUpdate) Channel error: cannot send/recv


###!!! [Parent][MessageChannel] Error: (msgtype=0x44001B,name=PContent::Msg_PreferenceUpdate) Channel error: cannot send/recv


###!!! [Parent][MessageChannel] Error: (msgtype=0x44001B,name=PContent::Msg_PreferenceUpdate) Channel error: cannot send/recv


###!!! [Parent][MessageChannel] Error: (msgtype=0x44001B,name=PContent::Msg_PreferenceUpdate) Channel error: cannot send/recv


###!!! [Parent][MessageChannel] Error: (msgtype=0x44001B,name=PContent::Msg_PreferenceUpdate) Channel error: cannot send/recv


###!!! [Parent][MessageChannel] Error: (msgtype=0x44001B,name=PContent::Msg_PreferenceUpdate) Channel error: cannot send/recv


###!!! [Parent][MessageChannel] Error: (msgtype=0x44001B,name=PContent::Msg_PreferenceUpdate) Channel error: cannot send/recv


###!!! [Parent][MessageChannel] Error: (msgtype=0x44001B,name=PContent::Msg_PreferenceUpdate) Channel error: cannot send/recv


###!!! [Parent][MessageChannel] Error: (msgtype=0x44001B,name=PContent::Msg_PreferenceUpdate) Channel error: cannot send/recv


###!!! [Parent][MessageChannel] Error: (msgtype=0x44001B,name=PContent::Msg_PreferenceUpdate) Channel error: cannot send/recv


###!!! [Parent][MessageChannel] Error: (msgtype=0x44001B,name=PContent::Msg_PreferenceUpdate) Channel error: cannot send/recv


###!!! [Parent][MessageChannel] Error: (msgtype=0x44001B,name=PContent::Msg_PreferenceUpdate) Channel error: cannot send/recv


###!!! [Parent][MessageChannel] Error: (msgtype=0x44001B,name=PContent::Msg_PreferenceUpdate) Channel error: cannot send/recv


###!!! [Parent][MessageChannel] Error: (msgtype=0x44001B,name=PContent::Msg_PreferenceUpdate) Channel error: cannot send/recv


###!!! [Parent][MessageChannel] Error: (msgtype=0x44001B,name=PContent::Msg_PreferenceUpdate) Channel error: cannot send/recv


###!!! [Parent][MessageChannel] Error: (msgtype=0x44001B,name=PContent::Msg_PreferenceUpdate) Channel error: cannot send/recv


###!!! [Parent][MessageChannel] Error: (msgtype=0x44001B,name=PContent::Msg_PreferenceUpdate) Channel error: cannot send/recv


###!!! [Parent][MessageChannel] Error: (msgtype=0x44001B,name=PContent::Msg_PreferenceUpdate) Channel error: cannot send/recv


###!!! [Parent][MessageChannel] Error: (msgtype=0x44001B,name=PContent::Msg_PreferenceUpdate) Channel error: cannot send/recv


###!!! [Parent][MessageChannel] Error: (msgtype=0x44001B,name=PContent::Msg_PreferenceUpdate) Channel error: cannot send/recv


###!!! [Parent][MessageChannel] Error: (msgtype=0x44001B,name=PContent::Msg_PreferenceUpdate) Channel error: cannot send/recv


###!!! [Parent][MessageChannel] Error: (msgtype=0x44003E,name=PContent::Msg_LoadProcessScript) Channel error: cannot send/recv


###!!! [Parent][MessageChannel] Error: (msgtype=0x44001B,name=PContent::Msg_PreferenceUpdate) Channel error: cannot send/recv


###!!! [Parent][MessageChannel] Error: (msgtype=0x44001B,name=PContent::Msg_PreferenceUpdate) Channel error: cannot send/recv


###!!! [Parent][MessageChannel] Error: (msgtype=0x44001B,name=PContent::Msg_PreferenceUpdate) Channel error: cannot send/recv


###!!! [Parent][MessageChannel] Error: (msgtype=0x44001B,name=PContent::Msg_PreferenceUpdate) Channel error: cannot send/recv


###!!! [Parent][MessageChannel] Error: (msgtype=0x44001B,name=PContent::Msg_PreferenceUpdate) Channel error: cannot send/recv


###!!! [Parent][MessageChannel] Error: (msgtype=0x44003E,name=PContent::Msg_LoadProcessScript) Channel error: cannot send/recv


###!!! [Parent][MessageChannel] Error: (msgtype=0x44003E,name=PContent::Msg_LoadProcessScript) Channel error: cannot send/recv


###!!! [Parent][MessageChannel] Error: (msgtype=0x4400FA,name=PContent::Msg_AsyncMessage) Channel error: cannot send/recv


###!!! [Parent][MessageChannel] Error: (msgtype=0x4400FA,name=PContent::Msg_AsyncMessage) Channel error: cannot send/recv


###!!! [Parent][MessageChannel] Error: (msgtype=0x2C0092,name=PBrowser::Msg_UpdateNativeWindowHandle) Channel error: cannot send/recv


###!!! [Parent][MessageChannel] Error: (msgtype=0x2C0085,name=PBrowser::Msg_Destroy) Channel error: cannot send/recv


###!!! [Parent][MessageChannel] Error: (msgtype=0x2C0092,name=PBrowser::Msg_UpdateNativeWindowHandle) Channel error: cannot send/recv


###!!! [Parent][MessageChannel] Error: (msgtype=0x2C0085,name=PBrowser::Msg_Destroy) Channel error: cannot send/recv

JavaScript error: resource://app/modules/ContentCrashHandlers.jsm, line 137: TypeError: browser.permanentKey is not a non-null object
1554887502907	geckodriver	INFO	geckodriver 0.18.0
1554887502923	geckodriver	INFO	Listening on 127.0.0.1:44670
1554887506007	geckodriver::marionette	INFO	Starting browser C:\Program Files (x86)\Mozilla Firefox 53\firefox.exe with args ["-marionette"]

###!!! [Parent][MessageChannel] Error: (msgtype=0x44001B,name=PContent::Msg_PreferenceUpdate) Channel error: cannot send/recv


###!!! [Parent][MessageChannel] Error: (msgtype=0x44001B,name=PContent::Msg_PreferenceUpdate) Channel error: cannot send/recv


###!!! [Parent][MessageChannel] Error: (msgtype=0x44001B,name=PContent::Msg_PreferenceUpdate) Channel error: cannot send/recv


###!!! [Parent][MessageChannel] Error: (msgtype=0x44001B,name=PContent::Msg_PreferenceUpdate) Channel error: cannot send/recv


###!!! [Parent][MessageChannel] Error: (msgtype=0x44001B,name=PContent::Msg_PreferenceUpdate) Channel error: cannot send/recv


###!!! [Parent][MessageChannel] Error: (msgtype=0x44001B,name=PContent::Msg_PreferenceUpdate) Channel error: cannot send/recv


###!!! [Parent][MessageChannel] Error: (msgtype=0x44001B,name=PContent::Msg_PreferenceUpdate) Channel error: cannot send/recv


###!!! [Parent][MessageChannel] Error: (msgtype=0x44001B,name=PContent::Msg_PreferenceUpdate) Channel error: cannot send/recv


###!!! [Parent][MessageChannel] Error: (msgtype=0x44001B,name=PContent::Msg_PreferenceUpdate) Channel error: cannot send/recv


###!!! [Parent][MessageChannel] Error: (msgtype=0x44001B,name=PContent::Msg_PreferenceUpdate) Channel error: cannot send/recv


###!!! [Parent][MessageChannel] Error: (msgtype=0x44001B,name=PContent::Msg_PreferenceUpdate) Channel error: cannot send/recv


###!!! [Parent][MessageChannel] Error: (msgtype=0x44001B,name=PContent::Msg_PreferenceUpdate) Channel error: cannot send/recv


###!!! [Parent][MessageChannel] Error: (msgtype=0x44001B,name=PContent::Msg_PreferenceUpdate) Channel error: cannot send/recv


###!!! [Parent][MessageChannel] Error: (msgtype=0x44001B,name=PContent::Msg_PreferenceUpdate) Channel error: cannot send/recv


###!!! [Parent][MessageChannel] Error: (msgtype=0x44001B,name=PContent::Msg_PreferenceUpdate) Channel error: cannot send/recv


###!!! [Parent][MessageChannel] Error: (msgtype=0x44001B,name=PContent::Msg_PreferenceUpdate) Channel error: cannot send/recv


###!!! [Parent][MessageChannel] Error: (msgtype=0x44001B,name=PContent::Msg_PreferenceUpdate) Channel error: cannot send/recv


###!!! [Parent][MessageChannel] Error: (msgtype=0x44001B,name=PContent::Msg_PreferenceUpdate) Channel error: cannot send/recv


###!!! [Parent][MessageChannel] Error: (msgtype=0x44001B,name=PContent::Msg_PreferenceUpdate) Channel error: cannot send/recv


###!!! [Parent][MessageChannel] Error: (msgtype=0x44001B,name=PContent::Msg_PreferenceUpdate) Channel error: cannot send/recv


###!!! [Parent][MessageChannel] Error: (msgtype=0x44001B,name=PContent::Msg_PreferenceUpdate) Channel error: cannot send/recv


###!!! [Parent][MessageChannel] Error: (msgtype=0x44001B,name=PContent::Msg_PreferenceUpdate) Channel error: cannot send/recv


###!!! [Parent][MessageChannel] Error: (msgtype=0x44003E,name=PContent::Msg_LoadProcessScript) Channel error: cannot send/recv


###!!! [Parent][MessageChannel] Error: (msgtype=0x44001B,name=PContent::Msg_PreferenceUpdate) Channel error: cannot send/recv


###!!! [Parent][MessageChannel] Error: (msgtype=0x44001B,name=PContent::Msg_PreferenceUpdate) Channel error: cannot send/recv


###!!! [Parent][MessageChannel] Error: (msgtype=0x44001B,name=PContent::Msg_PreferenceUpdate) Channel error: cannot send/recv


###!!! [Parent][MessageChannel] Error: (msgtype=0x44001B,name=PContent::Msg_PreferenceUpdate) Channel error: cannot send/recv


###!!! [Parent][MessageChannel] Error: (msgtype=0x44001B,name=PContent::Msg_PreferenceUpdate) Channel error: cannot send/recv


###!!! [Parent][MessageChannel] Error: (msgtype=0x44003E,name=PContent::Msg_LoadProcessScript) Channel error: cannot send/recv


###!!! [Parent][MessageChannel] Error: (msgtype=0x44003E,name=PContent::Msg_LoadProcessScript) Channel error: cannot send/recv


###!!! [Parent][MessageChannel] Error: (msgtype=0x4400FA,name=PContent::Msg_AsyncMessage) Channel error: cannot send/recv


###!!! [Parent][MessageChannel] Error: (msgtype=0x4400FA,name=PContent::Msg_AsyncMessage) Channel error: cannot send/recv


###!!! [Parent][MessageChannel] Error: (msgtype=0x2C0092,name=PBrowser::Msg_UpdateNativeWindowHandle) Channel error: cannot send/recv


###!!! [Parent][MessageChannel] Error: (msgtype=0x2C0085,name=PBrowser::Msg_Destroy) Channel error: cannot send/recv


###!!! [Parent][MessageChannel] Error: (msgtype=0x2C0092,name=PBrowser::Msg_UpdateNativeWindowHandle) Channel error: cannot send/recv


###!!! [Parent][MessageChannel] Error: (msgtype=0x2C0085,name=PBrowser::Msg_Destroy) Channel error: cannot send/recv

JavaScript error: resource://app/modules/ContentCrashHandlers.jsm, line 137: TypeError: browser.permanentKey is not a non-null object
1554887814039	geckodriver	INFO	geckodriver 0.18.0
1554887814064	geckodriver	INFO	Listening on 127.0.0.1:45187
1554887817172	geckodriver::marionette	INFO	Starting browser C:\Program Files (x86)\Mozilla Firefox 53\firefox.exe with args ["-marionette"]
1554887822871	Marionette	INFO	Listening on port 45195
[GPU 79676] WARNING: pipe error: 109: file c:/builds/moz2_slave/m-rel-w32-00000000000000000000/build/src/ipc/chromium/src/chrome/common/ipc_channel_win.cc, line 346
1554887822956	Marionette	WARN	TLS certificate errors will be ignored for this session
[Child 61432] WARNING: pipe error: 109: file c:/builds/moz2_slave/m-rel-w32-00000000000000000000/build/src/ipc/chromium/src/chrome/common/ipc_channel_win.cc, line 346
[Child 61432] 
###!!! [Child][MessageChannel::SendAndWait] Error: Channel error: cannot send/recv

1554887966114	geckodriver	INFO	geckodriver 0.18.0
1554887966131	geckodriver	INFO	Listening on 127.0.0.1:45298
1554887969233	geckodriver::marionette	INFO	Starting browser C:\Program Files (x86)\Mozilla Firefox 53\firefox.exe with args ["-marionette"]

###!!! [Parent][MessageChannel] Error: (msgtype=0x44003E,name=PContent::Msg_LoadProcessScript) Channel error: cannot send/recv


###!!! [Parent][MessageChannel] Error: (msgtype=0x44001B,name=PContent::Msg_PreferenceUpdate) Channel error: cannot send/recv


###!!! [Parent][MessageChannel] Error: (msgtype=0x44001B,name=PContent::Msg_PreferenceUpdate) Channel error: cannot send/recv


###!!! [Parent][MessageChannel] Error: (msgtype=0x44001B,name=PContent::Msg_PreferenceUpdate) Channel error: cannot send/recv


###!!! [Parent][MessageChannel] Error: (msgtype=0x44001B,name=PContent::Msg_PreferenceUpdate) Channel error: cannot send/recv


###!!! [Parent][MessageChannel] Error: (msgtype=0x44001B,name=PContent::Msg_PreferenceUpdate) Channel error: cannot send/recv


###!!! [Parent][MessageChannel] Error: (msgtype=0x44001B,name=PContent::Msg_PreferenceUpdate) Channel error: cannot send/recv


###!!! [Parent][MessageChannel] Error: (msgtype=0x44001B,name=PContent::Msg_PreferenceUpdate) Channel error: cannot send/recv


###!!! [Parent][MessageChannel] Error: (msgtype=0x44001B,name=PContent::Msg_PreferenceUpdate) Channel error: cannot send/recv


###!!! [Parent][MessageChannel] Error: (msgtype=0x44001B,name=PContent::Msg_PreferenceUpdate) Channel error: cannot send/recv


###!!! [Parent][MessageChannel] Error: (msgtype=0x44001B,name=PContent::Msg_PreferenceUpdate) Channel error: cannot send/recv


###!!! [Parent][MessageChannel] Error: (msgtype=0x44001B,name=PContent::Msg_PreferenceUpdate) Channel error: cannot send/recv


###!!! [Parent][MessageChannel] Error: (msgtype=0x44001B,name=PContent::Msg_PreferenceUpdate) Channel error: cannot send/recv


###!!! [Parent][MessageChannel] Error: (msgtype=0x44001B,name=PContent::Msg_PreferenceUpdate) Channel error: cannot send/recv


###!!! [Parent][MessageChannel] Error: (msgtype=0x44001B,name=PContent::Msg_PreferenceUpdate) Channel error: cannot send/recv


###!!! [Parent][MessageChannel] Error: (msgtype=0x44001B,name=PContent::Msg_PreferenceUpdate) Channel error: cannot send/recv


###!!! [Parent][MessageChannel] Error: (msgtype=0x44001B,name=PContent::Msg_PreferenceUpdate) Channel error: cannot send/recv


###!!! [Parent][MessageChannel] Error: (msgtype=0x44001B,name=PContent::Msg_PreferenceUpdate) Channel error: cannot send/recv


###!!! [Parent][MessageChannel] Error: (msgtype=0x44001B,name=PContent::Msg_PreferenceUpdate) Channel error: cannot send/recv


###!!! [Parent][MessageChannel] Error: (msgtype=0x44001B,name=PContent::Msg_PreferenceUpdate) Channel error: cannot send/recv


###!!! [Parent][MessageChannel] Error: (msgtype=0x44001B,name=PContent::Msg_PreferenceUpdate) Channel error: cannot send/recv


###!!! [Parent][MessageChannel] Error: (msgtype=0x44001B,name=PContent::Msg_PreferenceUpdate) Channel error: cannot send/recv


###!!! [Parent][MessageChannel] Error: (msgtype=0x44001B,name=PContent::Msg_PreferenceUpdate) Channel error: cannot send/recv


###!!! [Parent][MessageChannel] Error: (msgtype=0x44003E,name=PContent::Msg_LoadProcessScript) Channel error: cannot send/recv


###!!! [Parent][MessageChannel] Error: (msgtype=0x44001B,name=PContent::Msg_PreferenceUpdate) Channel error: cannot send/recv


###!!! [Parent][MessageChannel] Error: (msgtype=0x44001B,name=PContent::Msg_PreferenceUpdate) Channel error: cannot send/recv


###!!! [Parent][MessageChannel] Error: (msgtype=0x44001B,name=PContent::Msg_PreferenceUpdate) Channel error: cannot send/recv


###!!! [Parent][MessageChannel] Error: (msgtype=0x44001B,name=PContent::Msg_PreferenceUpdate) Channel error: cannot send/recv


###!!! [Parent][MessageChannel] Error: (msgtype=0x44001B,name=PContent::Msg_PreferenceUpdate) Channel error: cannot send/recv


###!!! [Parent][MessageChannel] Error: (msgtype=0x44003E,name=PContent::Msg_LoadProcessScript) Channel error: cannot send/recv


###!!! [Parent][MessageChannel] Error: (msgtype=0x44003E,name=PContent::Msg_LoadProcessScript) Channel error: cannot send/recv


###!!! [Parent][MessageChannel] Error: (msgtype=0x4400FA,name=PContent::Msg_AsyncMessage) Channel error: cannot send/recv


###!!! [Parent][MessageChannel] Error: (msgtype=0x4400FA,name=PContent::Msg_AsyncMessage) Channel error: cannot send/recv


###!!! [Parent][MessageChannel] Error: (msgtype=0x2C0092,name=PBrowser::Msg_UpdateNativeWindowHandle) Channel error: cannot send/recv


###!!! [Parent][MessageChannel] Error: (msgtype=0x2C0085,name=PBrowser::Msg_Destroy) Channel error: cannot send/recv

JavaScript error: resource://app/modules/ContentCrashHandlers.jsm, line 137: TypeError: browser.permanentKey is not a non-null object

###!!! [Parent][MessageChannel] Error: (msgtype=0x2C0092,name=PBrowser::Msg_UpdateNativeWindowHandle) Channel error: cannot send/recv


###!!! [Parent][MessageChannel] Error: (msgtype=0x2C0085,name=PBrowser::Msg_Destroy) Channel error: cannot send/recv

*************************
A coding exception was thrown and uncaught in a Task.

Full message: TypeError: NetworkError when attempting to fetch resource.
Full stack: 
*************************
a Firefox 53\firefox.exe with args ["-marionette"]
1554888465730	Marionette	INFO	Listening on port 46312
1554888465877	Marionette	WARN	TLS certificate errors will be ignored for this session
[Child 76412] WARNING: pipe error: 109: file c:/builds/moz2_slave/m-rel-w32-00000000000000000000/build/src/ipc/chromium/src/chrome/common/ipc_channel_win.cc, line 346
[Child 76412] WARNING:
###!!! [Child][MessageChannel::SendAndWait] Error: Channel error: cannot send/recv

1554888574290	geckodriver	INFO	geckodriver 0.18.0
1554888574312	geckodriver	INFO	Listening on 127.0.0.1:46505
1554888577467	geckodriver::marionette	INFO	Starting browser C:\Program Files (x86)\Mozilla Firefox 53\firefox.exe with args ["-marionette"]
1554888583790	Marionette	INFO	Listening on port 46517
[GPU 78408] WARNING: pipe error: 109: file c:/builds/moz2_slave/m-rel-w32-00000000000000000000/build/src/ipc/chromium/src/chrome/common/ipc_channel_win.cc, line 346
1554888583827	Marionette	WARN	TLS certificate errors will be ignored for this session
1554896895368	geckodriver	INFO	geckodriver 0.18.0
1554896895394	geckodriver	INFO	Listening on 127.0.0.1:49381
1554896898683	geckodriver::marionette	INFO	Starting browser C:\Program Files (x86)\Mozilla Firefox 53\firefox.exe with args ["-marionette"]
1554896905467	Marionette	INFO	Listening on port 49389
[GPU 73840] WARNING: pipe error: 109: file c:/builds/moz2_slave/m-rel-w32-00000000000000000000/build/src/ipc/chromium/src/chrome/common/ipc_channel_win.cc, line 346
1554896906405	Marionette	WARN	TLS certificate errors will be ignored for this session
[GPU 73840] WARNING: pipe error: 109: file c:/builds/moz2_slave/m-rel-w32-00000000000000000000/build/src/ipc/chromium/src/chrome/common/ipc_channel_win.cc, line 346

###!!! [Child][MessageChannel::SendAndWait] Error: Channel error: cannot send/recv

1554897180262	geckodriver	INFO	geckodriver 0.18.0
1554897180287	geckodriver	INFO	Listening on 127.0.0.1:49527
1554897183483	geckodriver::marionette	INFO	Starting browser C:\Program Files (x86)\Mozilla Firefox 53\firefox.exe with args ["-marionette"]
1554897190936	Marionette	INFO	Listening on port 49535
[GPU 83448] WARNING: pipe error: 109: file c:/builds/moz2_slave/m-rel-w32-00000000000000000000/build/src/ipc/chromium/src/chrome/common/ipc_channel_win.cc, line 346
1554897191661	Marionette	WARN	TLS certificate errors will be ignored for this session
